TN:
SF:src/project-class.js
FN:7,(anonymous_0)
FN:15,(anonymous_1)
FN:39,(anonymous_2)
FNF:3
FNH:1
FNDA:1,(anonymous_0)
FNDA:0,(anonymous_1)
FNDA:0,(anonymous_2)
DA:8,1
DA:9,1
DA:16,0
DA:17,0
DA:19,0
DA:20,0
DA:21,0
DA:23,0
DA:24,0
DA:25,0
DA:27,0
DA:29,0
DA:30,0
DA:32,0
DA:34,0
DA:35,0
DA:40,0
DA:42,0
DA:43,0
DA:44,0
LF:20
LH:2
BRDA:7,0,0,0
BRDA:42,1,0,0
BRDA:42,1,1,0
BRF:3
BRH:0
end_of_record
TN:
SF:src/storage.js
FN:3,(anonymous_0)
FN:20,(anonymous_1)
FN:27,(anonymous_2)
FN:31,(anonymous_3)
FN:39,(anonymous_4)
FN:44,(anonymous_5)
FN:53,(anonymous_6)
FN:60,(anonymous_7)
FNF:8
FNH:1
FNDA:1,(anonymous_0)
FNDA:0,(anonymous_1)
FNDA:0,(anonymous_2)
FNDA:0,(anonymous_3)
FNDA:0,(anonymous_4)
FNDA:0,(anonymous_5)
FNDA:0,(anonymous_6)
FNDA:0,(anonymous_7)
DA:4,1
DA:9,1
DA:11,1
DA:12,1
DA:14,0
DA:17,1
DA:21,0
DA:23,0
DA:24,0
DA:28,0
DA:29,0
DA:31,0
DA:33,0
DA:34,0
DA:35,0
DA:40,0
DA:41,0
DA:45,0
DA:48,0
DA:50,0
DA:54,0
DA:56,0
DA:57,0
DA:61,0
DA:62,0
DA:63,0
DA:70,0
LF:27
LH:5
BRDA:9,0,0,1
BRDA:9,0,1,0
BRF:2
BRH:1
end_of_record
